<?xml version="1.0" encoding="UTF-8"?>
<testng-results skipped="0" failed="0" total="1" passed="1">
  <reporter-output>
  </reporter-output>
  <suite name="Default suite" duration-ms="62" started-at="2019-04-01T08:06:18Z" finished-at="2019-04-01T08:06:18Z">
    <groups>
    </groups>
    <test name="Default test" duration-ms="62" started-at="2019-04-01T08:06:18Z" finished-at="2019-04-01T08:06:18Z">
      <class name="com.jbk.BasicMaven.AppTest">
        <test-method status="PASS" signature="sum()[pri:0, instance:com.jbk.BasicMaven.AppTest@1afa04c]" name="sum" duration-ms="47" started-at="2019-04-01T13:36:18Z" finished-at="2019-04-01T13:36:18Z">
          <reporter-output>
          </reporter-output>
        </test-method> <!-- sum -->
      </class> <!-- com.jbk.BasicMaven.AppTest -->
    </test> <!-- Default test -->
  </suite> <!-- Default suite -->
</testng-results>
